<?xml version="1.0" encoding="UTF-8"?>
<robot generator="Robot 3.2.2 (Python 3.9.0 on win32)" generated="20201215 22:20:31.229" rpa="false">
<suite id="s1" name="Front Office" source="C:\Users\Eduardo_Sanchez\Documents\repo\robotFramework\front-Office\Tests\Front_Office.robot">
<test id="s1-t1" name="Deberia poder acceder a la pagina de &quot;Equipo&quot;">
<kw name="Comenzar la prueba" library="CommonWeb" type="setup">
<kw name="Open Browser" library="SeleniumLibrary">
<doc>Opens a new browser instance to the optional ``url``.</doc>
<arguments>
<arg>about:blank</arg>
<arg>${BROWSER}</arg>
</arguments>
<msg timestamp="20201215 22:20:31.494" level="INFO">Opening browser 'chrome' to base url 'about:blank'.</msg>
<status status="PASS" starttime="20201215 22:20:31.494" endtime="20201215 22:20:34.677"></status>
</kw>
<kw name="Maximize Browser Window" library="SeleniumLibrary">
<doc>Maximizes current browser window.</doc>
<status status="PASS" starttime="20201215 22:20:34.677" endtime="20201215 22:20:36.851"></status>
</kw>
<status status="PASS" starttime="20201215 22:20:31.494" endtime="20201215 22:20:36.851"></status>
</kw>
<kw name="Get Selection From User" library="Dialogs">
<doc>Pauses test execution and asks user to select a value.</doc>
<arguments>
<arg>¿Cúal navegador deseas utilizar?</arg>
<arg>chrome</arg>
<arg>firefox</arg>
<arg>opera</arg>
</arguments>
<assign>
<var>${new_browser}</var>
</assign>
<msg timestamp="20201215 22:20:41.346" level="INFO">${new_browser} = opera</msg>
<status status="PASS" starttime="20201215 22:20:36.851" endtime="20201215 22:20:41.346"></status>
</kw>
<kw name="Set Global Variable" library="BuiltIn">
<doc>Makes a variable available globally in all tests and suites.</doc>
<arguments>
<arg>${BROWSER}</arg>
<arg>${new_browser}</arg>
</arguments>
<msg timestamp="20201215 22:20:41.346" level="INFO">${BROWSER} = opera</msg>
<status status="PASS" starttime="20201215 22:20:41.346" endtime="20201215 22:20:41.346"></status>
</kw>
<kw name="Ir a la pagina de destino" library="FrontOfficeApp">
<kw name="Navegar a" library="Landing">
<kw name="Go To" library="SeleniumLibrary">
<doc>Navigates the current browser window to the provided ``url``.</doc>
<arguments>
<arg>${URL}</arg>
</arguments>
<msg timestamp="20201215 22:20:41.347" level="INFO">Opening url 'http://www.robotframeworktutorial.com/front-office/'</msg>
<status status="PASS" starttime="20201215 22:20:41.347" endtime="20201215 22:20:45.254"></status>
</kw>
<status status="PASS" starttime="20201215 22:20:41.347" endtime="20201215 22:20:45.254"></status>
</kw>
<kw name="Verificar que cargue la pagina" library="Landing">
<kw name="Wait Until Page Contains Element" library="SeleniumLibrary">
<doc>Waits until the element ``locator`` appears on the current page.</doc>
<arguments>
<arg>${LANDING_ELEMENTO_NAVEGACION}</arg>
</arguments>
<status status="PASS" starttime="20201215 22:20:45.255" endtime="20201215 22:20:45.272"></status>
</kw>
<status status="PASS" starttime="20201215 22:20:45.255" endtime="20201215 22:20:45.272"></status>
</kw>
<status status="PASS" starttime="20201215 22:20:41.347" endtime="20201215 22:20:45.272"></status>
</kw>
<kw name="Ir a la pagina de equipo" library="FrontOfficeApp">
<kw name="Seleccionar pagina de equipo" library="TopNav">
<kw name="Click Element" library="SeleniumLibrary">
<doc>Click the element identified by ``locator``.</doc>
<arguments>
<arg>${TOP_NAV_LINK_EQUIPO}</arg>
</arguments>
<msg timestamp="20201215 22:20:45.273" level="INFO">Clicking element 'css= li:nth-of-type(5) .page-scroll'.</msg>
<status status="PASS" starttime="20201215 22:20:45.273" endtime="20201215 22:20:45.311"></status>
</kw>
<kw name="Sleep" library="BuiltIn">
<doc>Pauses the test executed for the given time.</doc>
<arguments>
<arg>5s</arg>
</arguments>
<msg timestamp="20201215 22:20:50.315" level="INFO">Slept 5 seconds</msg>
<status status="PASS" starttime="20201215 22:20:45.312" endtime="20201215 22:20:50.315"></status>
</kw>
<status status="PASS" starttime="20201215 22:20:45.273" endtime="20201215 22:20:50.315"></status>
</kw>
<kw name="Verificar que cargue la pagina" library="Team">
<kw name="Wait Until Page Contains Element" library="SeleniumLibrary">
<doc>Waits until the element ``locator`` appears on the current page.</doc>
<arguments>
<arg>${TEAM_HEADER_LABEL}</arg>
</arguments>
<status status="PASS" starttime="20201215 22:20:50.315" endtime="20201215 22:20:50.330"></status>
</kw>
<status status="PASS" starttime="20201215 22:20:50.315" endtime="20201215 22:20:50.330"></status>
</kw>
<status status="PASS" starttime="20201215 22:20:45.272" endtime="20201215 22:20:50.330"></status>
</kw>
<kw name="Terminar la prueba" library="CommonWeb" type="teardown">
<kw name="Close All Browsers" library="SeleniumLibrary">
<doc>Closes all open browsers and resets the browser cache.</doc>
<status status="PASS" starttime="20201215 22:20:50.330" endtime="20201215 22:20:52.437"></status>
</kw>
<status status="PASS" starttime="20201215 22:20:50.330" endtime="20201215 22:20:52.437"></status>
</kw>
<doc>Este es el test 1</doc>
<tags>
<tag>test1</tag>
</tags>
<status status="PASS" starttime="20201215 22:20:31.494" endtime="20201215 22:20:52.437" critical="yes"></status>
</test>
<test id="s1-t2" name="La pagina del &quot;Equipo&quot; deberia coincidir con los requisitos">
<kw name="Comenzar la prueba" library="CommonWeb" type="setup">
<kw name="Open Browser" library="SeleniumLibrary">
<doc>Opens a new browser instance to the optional ``url``.</doc>
<arguments>
<arg>about:blank</arg>
<arg>${BROWSER}</arg>
</arguments>
<msg timestamp="20201215 22:20:52.437" level="INFO">Opening browser 'opera' to base url 'about:blank'.</msg>
<status status="PASS" starttime="20201215 22:20:52.437" endtime="20201215 22:20:53.811"></status>
</kw>
<kw name="Maximize Browser Window" library="SeleniumLibrary">
<doc>Maximizes current browser window.</doc>
<status status="PASS" starttime="20201215 22:20:53.811" endtime="20201215 22:20:53.938"></status>
</kw>
<status status="PASS" starttime="20201215 22:20:52.437" endtime="20201215 22:20:53.939"></status>
</kw>
<kw name="Ir a la pagina de destino" library="FrontOfficeApp">
<kw name="Navegar a" library="Landing">
<kw name="Go To" library="SeleniumLibrary">
<doc>Navigates the current browser window to the provided ``url``.</doc>
<arguments>
<arg>${URL}</arg>
</arguments>
<msg timestamp="20201215 22:20:53.940" level="INFO">Opening url 'http://www.robotframeworktutorial.com/front-office/'</msg>
<status status="PASS" starttime="20201215 22:20:53.940" endtime="20201215 22:20:57.360"></status>
</kw>
<status status="PASS" starttime="20201215 22:20:53.940" endtime="20201215 22:20:57.360"></status>
</kw>
<kw name="Verificar que cargue la pagina" library="Landing">
<kw name="Wait Until Page Contains Element" library="SeleniumLibrary">
<doc>Waits until the element ``locator`` appears on the current page.</doc>
<arguments>
<arg>${LANDING_ELEMENTO_NAVEGACION}</arg>
</arguments>
<status status="PASS" starttime="20201215 22:20:57.360" endtime="20201215 22:20:57.370"></status>
</kw>
<status status="PASS" starttime="20201215 22:20:57.360" endtime="20201215 22:20:57.370"></status>
</kw>
<status status="PASS" starttime="20201215 22:20:53.939" endtime="20201215 22:20:57.371"></status>
</kw>
<kw name="Execute Manual Step" library="Dialogs">
<doc>Pauses test execution until user sets the keyword status.</doc>
<arguments>
<arg>Hacer algo manual!</arg>
<arg>fallo!</arg>
</arguments>
<msg timestamp="20201215 22:21:17.131" level="FAIL">está mal el logotipo.</msg>
<status status="FAIL" starttime="20201215 22:20:57.371" endtime="20201215 22:21:17.131"></status>
</kw>
<kw name="Terminar la prueba" library="CommonWeb" type="teardown">
<kw name="Close All Browsers" library="SeleniumLibrary">
<doc>Closes all open browsers and resets the browser cache.</doc>
<status status="PASS" starttime="20201215 22:21:17.133" endtime="20201215 22:21:19.334"></status>
</kw>
<status status="PASS" starttime="20201215 22:21:17.132" endtime="20201215 22:21:19.334"></status>
</kw>
<doc>Este es el test 2</doc>
<tags>
<tag>test2</tag>
</tags>
<status status="FAIL" starttime="20201215 22:20:52.437" endtime="20201215 22:21:19.334" critical="yes">está mal el logotipo.</status>
</test>
<doc>Se Realizara una pequeña demostracion del robotFramework</doc>
<status status="FAIL" starttime="20201215 22:20:31.229" endtime="20201215 22:21:19.334"></status>
</suite>
<statistics>
<total>
<stat pass="1" fail="1">Critical Tests</stat>
<stat pass="1" fail="1">All Tests</stat>
</total>
<tag>
<stat pass="1" fail="0">test1</stat>
<stat pass="0" fail="1">test2</stat>
</tag>
<suite>
<stat pass="1" fail="1" id="s1" name="Front Office">Front Office</stat>
</suite>
</statistics>
<errors>
</errors>
</robot>
