<?xml version="1.0" encoding="UTF-8"?>
<robot generator="Robot 3.2.2 (Python 3.9.0 on win32)" generated="20201215 00:38:37.402" rpa="false">
<suite id="s1" name="Front Office" source="C:\Users\Eduardo_Sanchez\Documents\repo\robotFramework\front-Office\Tests\Front_Office.robot">
<test id="s1-t1" name="Deberia poder acceder a la pagina de &quot;Equipo&quot;">
<kw name="Comenzar la prueba" library="CommonWeb" type="setup">
<kw name="Open Browser" library="SeleniumLibrary">
<doc>Opens a new browser instance to the optional ``url``.</doc>
<arguments>
<arg>about:blank</arg>
<arg>${BROWSER}</arg>
</arguments>
<msg timestamp="20201215 00:38:37.580" level="INFO">Opening browser 'chrome' to base url 'about:blank'.</msg>
<status status="PASS" starttime="20201215 00:38:37.579" endtime="20201215 00:38:40.889"></status>
</kw>
<kw name="Maximize Browser Window" library="SeleniumLibrary">
<doc>Maximizes current browser window.</doc>
<status status="PASS" starttime="20201215 00:38:40.889" endtime="20201215 00:38:43.048"></status>
</kw>
<status status="PASS" starttime="20201215 00:38:37.579" endtime="20201215 00:38:43.048"></status>
</kw>
<kw name="Ir a la pagina de destino" library="FrontOfficeApp">
<kw name="Navegar a" library="Landing">
<kw name="Go To" library="SeleniumLibrary">
<doc>Navigates the current browser window to the provided ``url``.</doc>
<arguments>
<arg>${URL}</arg>
</arguments>
<msg timestamp="20201215 00:38:43.049" level="INFO">Opening url 'http://www.robotframeworktutorial.com/front-office/'</msg>
<status status="PASS" starttime="20201215 00:38:43.049" endtime="20201215 00:38:46.545"></status>
</kw>
<status status="PASS" starttime="20201215 00:38:43.049" endtime="20201215 00:38:46.545"></status>
</kw>
<kw name="Verificar que cargue la pagina" library="Landing">
<kw name="Wait Until Page Contains Element" library="SeleniumLibrary">
<doc>Waits until the element ``locator`` appears on the current page.</doc>
<arguments>
<arg>${LANDING_ELEMENTO_NAVEGACION}</arg>
</arguments>
<status status="PASS" starttime="20201215 00:38:46.545" endtime="20201215 00:38:46.554"></status>
</kw>
<status status="PASS" starttime="20201215 00:38:46.545" endtime="20201215 00:38:46.555"></status>
</kw>
<status status="PASS" starttime="20201215 00:38:43.049" endtime="20201215 00:38:46.555"></status>
</kw>
<kw name="Ir a la pagina de equipo" library="FrontOfficeApp">
<kw name="Seleccionar pagina de equipo" library="TopNav">
<kw name="Click Element" library="SeleniumLibrary">
<doc>Click the element identified by ``locator``.</doc>
<arguments>
<arg>${TOP_NAV_LINK_EQUIPO}</arg>
</arguments>
<msg timestamp="20201215 00:38:46.556" level="INFO">Clicking element 'css= li:nth-of-type(5) .page-scroll'.</msg>
<status status="PASS" starttime="20201215 00:38:46.556" endtime="20201215 00:38:46.598"></status>
</kw>
<kw name="Sleep" library="BuiltIn">
<doc>Pauses the test executed for the given time.</doc>
<arguments>
<arg>5s</arg>
</arguments>
<msg timestamp="20201215 00:38:51.614" level="INFO">Slept 5 seconds</msg>
<status status="PASS" starttime="20201215 00:38:46.598" endtime="20201215 00:38:51.614"></status>
</kw>
<status status="PASS" starttime="20201215 00:38:46.556" endtime="20201215 00:38:51.614"></status>
</kw>
<kw name="Verificar que cargue la pagina" library="Team">
<kw name="Wait Until Page Contains Element" library="SeleniumLibrary">
<doc>Waits until the element ``locator`` appears on the current page.</doc>
<arguments>
<arg>${TEAM_HEADER_LABEL}</arg>
</arguments>
<status status="PASS" starttime="20201215 00:38:51.615" endtime="20201215 00:38:51.625"></status>
</kw>
<status status="PASS" starttime="20201215 00:38:51.614" endtime="20201215 00:38:51.625"></status>
</kw>
<status status="PASS" starttime="20201215 00:38:46.555" endtime="20201215 00:38:51.625"></status>
</kw>
<kw name="Terminar la prueba" library="CommonWeb" type="teardown">
<kw name="Close All Browsers" library="SeleniumLibrary">
<doc>Closes all open browsers and resets the browser cache.</doc>
<status status="PASS" starttime="20201215 00:38:51.626" endtime="20201215 00:38:53.730"></status>
</kw>
<status status="PASS" starttime="20201215 00:38:51.626" endtime="20201215 00:38:53.730"></status>
</kw>
<doc>Este es el test 1</doc>
<tags>
<tag>test1</tag>
</tags>
<status status="PASS" starttime="20201215 00:38:37.578" endtime="20201215 00:38:53.731" critical="yes"></status>
</test>
<test id="s1-t2" name="La pagina del &quot;Equipo&quot; deberia coincidir con los requisitos">
<kw name="Comenzar la prueba" library="CommonWeb" type="setup">
<kw name="Open Browser" library="SeleniumLibrary">
<doc>Opens a new browser instance to the optional ``url``.</doc>
<arguments>
<arg>about:blank</arg>
<arg>${BROWSER}</arg>
</arguments>
<msg timestamp="20201215 00:38:53.743" level="INFO">Opening browser 'chrome' to base url 'about:blank'.</msg>
<status status="PASS" starttime="20201215 00:38:53.742" endtime="20201215 00:38:56.896"></status>
</kw>
<kw name="Maximize Browser Window" library="SeleniumLibrary">
<doc>Maximizes current browser window.</doc>
<status status="PASS" starttime="20201215 00:38:56.896" endtime="20201215 00:38:59.049"></status>
</kw>
<status status="PASS" starttime="20201215 00:38:53.741" endtime="20201215 00:38:59.049"></status>
</kw>
<kw name="Ir a la pagina de destino" library="FrontOfficeApp">
<kw name="Navegar a" library="Landing">
<kw name="Go To" library="SeleniumLibrary">
<doc>Navigates the current browser window to the provided ``url``.</doc>
<arguments>
<arg>${URL}</arg>
</arguments>
<msg timestamp="20201215 00:38:59.050" level="INFO">Opening url 'http://www.robotframeworktutorial.com/front-office/'</msg>
<status status="PASS" starttime="20201215 00:38:59.050" endtime="20201215 00:39:02.631"></status>
</kw>
<status status="PASS" starttime="20201215 00:38:59.050" endtime="20201215 00:39:02.631"></status>
</kw>
<kw name="Verificar que cargue la pagina" library="Landing">
<kw name="Wait Until Page Contains Element" library="SeleniumLibrary">
<doc>Waits until the element ``locator`` appears on the current page.</doc>
<arguments>
<arg>${LANDING_ELEMENTO_NAVEGACION}</arg>
</arguments>
<status status="PASS" starttime="20201215 00:39:02.631" endtime="20201215 00:39:02.642"></status>
</kw>
<status status="PASS" starttime="20201215 00:39:02.631" endtime="20201215 00:39:02.642"></status>
</kw>
<status status="PASS" starttime="20201215 00:38:59.050" endtime="20201215 00:39:02.642"></status>
</kw>
<kw name="Ir a la pagina de equipo" library="FrontOfficeApp">
<kw name="Seleccionar pagina de equipo" library="TopNav">
<kw name="Click Element" library="SeleniumLibrary">
<doc>Click the element identified by ``locator``.</doc>
<arguments>
<arg>${TOP_NAV_LINK_EQUIPO}</arg>
</arguments>
<msg timestamp="20201215 00:39:02.643" level="INFO">Clicking element 'css= li:nth-of-type(5) .page-scroll'.</msg>
<status status="PASS" starttime="20201215 00:39:02.643" endtime="20201215 00:39:02.685"></status>
</kw>
<kw name="Sleep" library="BuiltIn">
<doc>Pauses the test executed for the given time.</doc>
<arguments>
<arg>5s</arg>
</arguments>
<msg timestamp="20201215 00:39:07.688" level="INFO">Slept 5 seconds</msg>
<status status="PASS" starttime="20201215 00:39:02.685" endtime="20201215 00:39:07.688"></status>
</kw>
<status status="PASS" starttime="20201215 00:39:02.643" endtime="20201215 00:39:07.689"></status>
</kw>
<kw name="Verificar que cargue la pagina" library="Team">
<kw name="Wait Until Page Contains Element" library="SeleniumLibrary">
<doc>Waits until the element ``locator`` appears on the current page.</doc>
<arguments>
<arg>${TEAM_HEADER_LABEL}</arg>
</arguments>
<status status="PASS" starttime="20201215 00:39:07.690" endtime="20201215 00:39:07.714"></status>
</kw>
<status status="PASS" starttime="20201215 00:39:07.689" endtime="20201215 00:39:07.715"></status>
</kw>
<status status="PASS" starttime="20201215 00:39:02.643" endtime="20201215 00:39:07.715"></status>
</kw>
<kw name="Validar la pagina de equipo" library="FrontOfficeApp">
<kw name="Vereficar contenido de la pagina" library="Team">
<kw name="Get Text" library="SeleniumLibrary">
<doc>Returns the text value of the element identified by ``locator``.</doc>
<arguments>
<arg>${TEAM_HEADER_LABEL}</arg>
</arguments>
<assign>
<var>${ElementText}</var>
</assign>
<msg timestamp="20201215 00:39:07.746" level="INFO">${ElementText} = OUR AMAZING TEAM</msg>
<status status="PASS" starttime="20201215 00:39:07.718" endtime="20201215 00:39:07.746"></status>
</kw>
<kw name="Should Be Equal As Strings" library="BuiltIn">
<doc>Fails if objects are unequal after converting them to strings.</doc>
<arguments>
<arg>${ElementText}</arg>
<arg>Our Amazing Team</arg>
<arg>ignore_case=true</arg>
</arguments>
<status status="PASS" starttime="20201215 00:39:07.746" endtime="20201215 00:39:07.747"></status>
</kw>
<status status="PASS" starttime="20201215 00:39:07.717" endtime="20201215 00:39:07.747"></status>
</kw>
<status status="PASS" starttime="20201215 00:39:07.716" endtime="20201215 00:39:07.747"></status>
</kw>
<kw name="Terminar la prueba" library="CommonWeb" type="teardown">
<kw name="Close All Browsers" library="SeleniumLibrary">
<doc>Closes all open browsers and resets the browser cache.</doc>
<status status="PASS" starttime="20201215 00:39:07.748" endtime="20201215 00:39:09.845"></status>
</kw>
<status status="PASS" starttime="20201215 00:39:07.748" endtime="20201215 00:39:09.845"></status>
</kw>
<doc>Este es el test 2</doc>
<tags>
<tag>test2</tag>
</tags>
<status status="PASS" starttime="20201215 00:38:53.739" endtime="20201215 00:39:09.845" critical="yes"></status>
</test>
<doc>Se Realizara una pequeña demostracion del robotFramework</doc>
<status status="PASS" starttime="20201215 00:38:37.403" endtime="20201215 00:39:09.847"></status>
</suite>
<statistics>
<total>
<stat pass="2" fail="0">Critical Tests</stat>
<stat pass="2" fail="0">All Tests</stat>
</total>
<tag>
<stat pass="1" fail="0">test1</stat>
<stat pass="1" fail="0">test2</stat>
</tag>
<suite>
<stat pass="2" fail="0" id="s1" name="Front Office">Front Office</stat>
</suite>
</statistics>
<errors>
</errors>
</robot>
